[debug] [2021-09-04T10:19:16.832Z] ----------------------------------------------------------------------
[debug] [2021-09-04T10:19:16.834Z] Command:       /Users/shivanku/.nvm/versions/node/v14.16.0/bin/node /Users/shivanku/.nvm/versions/node/v14.16.0/bin/firebase init
[debug] [2021-09-04T10:19:16.834Z] CLI Version:   9.16.6
[debug] [2021-09-04T10:19:16.834Z] Platform:      darwin
[debug] [2021-09-04T10:19:16.834Z] Node Version:  v14.16.0
[debug] [2021-09-04T10:19:16.835Z] Time:          Sat Sep 04 2021 15:49:16 GMT+0530 (India Standard Time)
[debug] [2021-09-04T10:19:16.835Z] ----------------------------------------------------------------------
[debug] 
[debug] [2021-09-04T10:19:16.878Z] > command requires scopes: ["email","openid","https://www.googleapis.com/auth/cloudplatformprojects.readonly","https://www.googleapis.com/auth/firebase","https://www.googleapis.com/auth/cloud-platform"]
[debug] [2021-09-04T10:19:16.878Z] > authorizing via signed-in user (shivanik475@gmail.com)
[info] 
     ######## #### ########  ######## ########     ###     ######  ########
     ##        ##  ##     ## ##       ##     ##  ##   ##  ##       ##
     ######    ##  ########  ######   ########  #########  ######  ######
     ##        ##  ##    ##  ##       ##     ## ##     ##       ## ##
     ##       #### ##     ## ######## ########  ##     ##  ######  ########

You're about to initialize a Firebase project in this directory:

  /Users/shivanku

Before we get started, keep in mind:

  * You are initializing within an existing Firebase project directory

[info] 
=== Project Setup
[info] 
[info] First, let's associate this project directory with a Firebase project.
[info] You can create multiple project aliases by running firebase use --add, 
[info] but for now we'll just set up a default project.
[info] 
[info] i  .firebaserc already has a default project, using clone-33c09. 
[debug] [2021-09-04T10:19:22.361Z] > refreshing access token with scopes: []
[debug] [2021-09-04T10:19:22.362Z] >>> HTTP REQUEST POST https://www.googleapis.com/oauth2/v3/token  
 <request body omitted>
[debug] [2021-09-04T10:19:22.765Z] <<< HTTP RESPONSE 200 {"expires":"Mon, 01 Jan 1990 00:00:00 GMT","cache-control":"no-cache, no-store, max-age=0, must-revalidate","pragma":"no-cache","date":"Sat, 04 Sep 2021 10:19:22 GMT","content-type":"application/json; charset=utf-8","vary":"X-Origin, Referer, Origin,Accept-Encoding","server":"scaffolding on HTTPServer2","x-xss-protection":"0","x-frame-options":"SAMEORIGIN","x-content-type-options":"nosniff","alt-svc":"h3=\":443\"; ma=2592000,h3-29=\":443\"; ma=2592000,h3-T051=\":443\"; ma=2592000,h3-Q050=\":443\"; ma=2592000,h3-Q046=\":443\"; ma=2592000,h3-Q043=\":443\"; ma=2592000,quic=\":443\"; ma=2592000; v=\"46,43\"","accept-ranges":"none","transfer-encoding":"chunked"}
[debug] [2021-09-04T10:19:22.793Z] >>> [apiv2][query] GET https://firebase.googleapis.com/v1beta1/projects/clone-33c09 [none]
[debug] [2021-09-04T10:19:23.283Z] <<< [apiv2][status] GET https://firebase.googleapis.com/v1beta1/projects/clone-33c09 200
[debug] [2021-09-04T10:19:23.283Z] <<< [apiv2][body] GET https://firebase.googleapis.com/v1beta1/projects/clone-33c09 {"projectId":"clone-33c09","projectNumber":"26034827607","displayName":"youtube-clone","name":"projects/clone-33c09","resources":{"hostingSite":"clone-33c09"},"state":"ACTIVE"}
[info] 
=== Hosting Setup
[info] 
[info] Your public directory is the folder (relative to your project directory) that
[info] will contain Hosting assets to be uploaded with firebase deploy. If you
[info] have a build process for your assets, use your build's output directory.
[info] 
[debug] [2021-09-04T10:19:35.119Z] >>> [apiv2][query] GET https://www.gstatic.com/firebasejs/releases.json [none]
[debug] [2021-09-04T10:19:35.413Z] <<< [apiv2][status] GET https://www.gstatic.com/firebasejs/releases.json 200
[debug] [2021-09-04T10:19:35.413Z] <<< [apiv2][body] GET https://www.gstatic.com/firebasejs/releases.json {"current":{"version":"9.0.1","browserURL":"https://www.gstatic.com/firebasejs/9.0.1/firebase.js","packageURL":"https://www.gstatic.com/firebasejs/9.0.1/firebase.tgz"},"live":{"version":"9.0","browserURL":"https://www.gstatic.com/firebasejs/live/9.0/firebase.js","packageURL":"https://www.gstatic.com/firebasejs/live/9.0/firebase.tgz"},"components":{"analytics":"https://www.gstatic.com/firebasejs/9.0.1/firebase-analytics.js","app":"https://www.gstatic.com/firebasejs/9.0.1/firebase-app.js","app-check":"https://www.gstatic.com/firebasejs/9.0.1/firebase-app-check.js","auth":"https://www.gstatic.com/firebasejs/9.0.1/firebase-auth.js","auth/cordova":"https://www.gstatic.com/firebasejs/9.0.1/firebase-auth/cordova.js","auth/react-native":"https://www.gstatic.com/firebasejs/9.0.1/firebase-auth/react-native.js","functions":"https://www.gstatic.com/firebasejs/9.0.1/firebase-functions.js","firestore":"https://www.gstatic.com/firebasejs/9.0.1/firebase-firestore.js","firestore/lite":"https://www.gstatic.com/firebasejs/9.0.1/firebase-firestore/lite.js","storage":"https://www.gstatic.com/firebasejs/9.0.1/firebase-storage.js","performance":"https://www.gstatic.com/firebasejs/9.0.1/firebase-performance.js","remote-config":"https://www.gstatic.com/firebasejs/9.0.1/firebase-remote-config.js","messaging":"https://www.gstatic.com/firebasejs/9.0.1/firebase-messaging.js","messaging/sw":"https://www.gstatic.com/firebasejs/9.0.1/firebase-messaging/sw.js","database":"https://www.gstatic.com/firebasejs/9.0.1/firebase-database.js","firestore.memory":"https://www.gstatic.com/firebasejs/9.0.1/firebase-firestore.memory.js"}}
[info] ✔  Wrote build/index.html 
[info] 
[info] i  Detected a .git folder at /Users/shivanku/Documents/MyProject/youtube-clone 
[info] i  Authorizing with GitHub to upload your service account to a GitHub repository's secrets store. 
[info] 
[info] Visit this URL on this device to log in:
[info] https://github.com/login/oauth/authorize?client_id=89cf50f02ac6aaed3484&state=794061803&redirect_uri=http%3A%2F%2Flocalhost%3A9005&scope=read%3Auser%20repo%20public_repo
[info] 
[info] Waiting for authentication...
[debug] [2021-09-04T10:19:36.394Z] >>> HTTP REQUEST POST https://github.com/login/oauth/access_token  
 {"client_id":"89cf50f02ac6aaed3484","client_secret":"3330d14abc895d9a74d5f17cd7a00711fa2c5bf0","code":"9a05bf4089e6ff10c616","redirect_uri":"http://localhost:9005","state":"794061803"}
[debug] [2021-09-04T10:19:37.423Z] <<< HTTP RESPONSE 200 {"server":"GitHub.com","date":"Sat, 04 Sep 2021 10:19:37 GMT","content-type":"application/json; charset=utf-8","transfer-encoding":"chunked","vary":"X-PJAX, X-PJAX-Container, Accept-Encoding, Accept, X-Requested-With","permissions-policy":"interest-cohort=()","etag":"W/\"7bba5ec636ee8f98e028285ac816f069\"","cache-control":"max-age=0, private, must-revalidate","strict-transport-security":"max-age=31536000; includeSubdomains; preload","x-frame-options":"deny","x-content-type-options":"nosniff","x-xss-protection":"0","referrer-policy":"origin-when-cross-origin, strict-origin-when-cross-origin","expect-ct":"max-age=2592000, report-uri=\"https://api.github.com/_private/browser/errors\"","content-security-policy":"default-src 'none'; base-uri 'self'; block-all-mixed-content; connect-src 'self' uploads.github.com www.githubstatus.com collector.githubapp.com api.github.com github-cloud.s3.amazonaws.com github-production-repository-file-5c1aeb.s3.amazonaws.com github-production-upload-manifest-file-7fdce7.s3.amazonaws.com github-production-user-asset-6210df.s3.amazonaws.com cdn.optimizely.com logx.optimizely.com/v1/events translator.github.com wss://alive.github.com; font-src github.githubassets.com; form-action 'self' github.com gist.github.com; frame-ancestors 'none'; frame-src render.githubusercontent.com viewscreen.githubusercontent.com; img-src 'self' data: github.githubassets.com identicons.github.com collector.githubapp.com github-cloud.s3.amazonaws.com secured-user-images.githubusercontent.com/ *.githubusercontent.com; manifest-src 'self'; media-src 'none'; script-src github.githubassets.com; style-src 'unsafe-inline' github.githubassets.com; worker-src github.com/socket-worker-7c2abeb0.js gist.github.com/socket-worker-7c2abeb0.js","x-github-request-id":"D92F:74E8:11B1D79:1388EC3:61334838"}
[debug] [2021-09-04T10:19:37.429Z] >>> [apiv2][query] GET https://api.github.com/user [none]
[debug] [2021-09-04T10:19:38.010Z] <<< [apiv2][status] GET https://api.github.com/user 200
[debug] [2021-09-04T10:19:38.011Z] <<< [apiv2][body] GET https://api.github.com/user {"login":"shivanik475","id":54467955,"node_id":"MDQ6VXNlcjU0NDY3OTU1","avatar_url":"https://avatars.githubusercontent.com/u/54467955?v=4","gravatar_id":"","url":"https://api.github.com/users/shivanik475","html_url":"https://github.com/shivanik475","followers_url":"https://api.github.com/users/shivanik475/followers","following_url":"https://api.github.com/users/shivanik475/following{/other_user}","gists_url":"https://api.github.com/users/shivanik475/gists{/gist_id}","starred_url":"https://api.github.com/users/shivanik475/starred{/owner}{/repo}","subscriptions_url":"https://api.github.com/users/shivanik475/subscriptions","organizations_url":"https://api.github.com/users/shivanik475/orgs","repos_url":"https://api.github.com/users/shivanik475/repos","events_url":"https://api.github.com/users/shivanik475/events{/privacy}","received_events_url":"https://api.github.com/users/shivanik475/received_events","type":"User","site_admin":false,"name":null,"company":null,"blog":"","location":null,"email":null,"hireable":null,"bio":null,"twitter_username":null,"public_repos":3,"public_gists":0,"followers":0,"following":0,"created_at":"2019-08-24T07:58:41Z","updated_at":"2021-09-03T06:12:06Z","private_gists":0,"total_private_repos":1,"owned_private_repos":1,"disk_usage":142,"collaborators":0,"two_factor_authentication":false,"plan":{"name":"free","space":976562499,"collaborators":0,"private_repos":10000}}
[info] 
[info] ✔  Success! Logged into GitHub as shivanik475 
[info] 
